# JRE version: OpenJDK Runtime Environment Temurin-17.0.6+10 (17.0.6+10) (build 17.0.6+10)
# Java VM: OpenJDK 64-Bit Server VM Temurin-17.0.6+10 (17.0.6+10, mixed mode, emulated-client, tiered, compressed oops, compressed class ptrs, g1 gc, windows-amd64)
GC Precious Log:
 CPUs: 12 total, 12 available
 Memory: 32509M
 Large Page Support: Disabled
 NUMA Support: Disabled
 Compressed Oops: Enabled (Zero based)
 Heap Region Size: 4M
 Heap Min Capacity: 8M
 Heap Initial Capacity: 508M
 Heap Max Capacity: 8128M
 Pre-touch: Disabled
 Parallel Workers: 10
 Concurrent Workers: 3
 Concurrent Refinement Workers: 10
 Periodic GC: Disabled
Heap:
 garbage-first heap   total 823296K, used 611280K [0x0000000604000000, 0x0000000800000000)
  region size 4096K, 78 young (319488K), 9 survivors (36864K)
 Metaspace       used 78431K, committed 79040K, reserved 1122304K
  class space    used 9810K, committed 10112K, reserved 1048576K
GC Heap History (20 events):
Event: 9.804 GC heap after
{Heap after GC invocations=24 (full 0):
 garbage-first heap   total 245760K, used 55520K [0x0000000604000000, 0x0000000800000000)
  region size 4096K, 2 young (8192K), 2 survivors (8192K)
 Metaspace       used 69980K, committed 70528K, reserved 1114112K
  class space    used 9004K, committed 9280K, reserved 1048576K
}
Event: 9.813 GC heap before
{Heap before GC invocations=24 (full 0):
 garbage-first heap   total 245760K, used 59616K [0x0000000604000000, 0x0000000800000000)
  region size 4096K, 3 young (12288K), 2 survivors (8192K)
 Metaspace       used 69980K, committed 70528K, reserved 1114112K
  class space    used 9004K, committed 9280K, reserved 1048576K
}
Event: 9.816 GC heap after
{Heap after GC invocations=25 (full 0):
 garbage-first heap   total 245760K, used 58876K [0x0000000604000000, 0x0000000800000000)
  region size 4096K, 1 young (4096K), 1 survivors (4096K)
 Metaspace       used 69980K, committed 70528K, reserved 1114112K
  class space    used 9004K, committed 9280K, reserved 1048576K
}
Event: 10.159 GC heap before
{Heap before GC invocations=25 (full 0):
 garbage-first heap   total 245760K, used 198140K [0x0000000604000000, 0x0000000800000000)
  region size 4096K, 35 young (143360K), 1 survivors (4096K)
 Metaspace       used 69980K, committed 70528K, reserved 1114112K
  class space    used 9004K, committed 9280K, reserved 1048576K
}
Event: 10.183 GC heap after
{Heap after GC invocations=26 (full 0):
 garbage-first heap   total 315392K, used 171551K [0x0000000604000000, 0x0000000800000000)
  region size 4096K, 5 young (20480K), 5 survivors (20480K)
 Metaspace       used 69980K, committed 70528K, reserved 1114112K
  class space    used 9004K, committed 9280K, reserved 1048576K
}
Event: 10.326 GC heap before
{Heap before GC invocations=26 (full 0):
 garbage-first heap   total 315392K, used 220703K [0x0000000604000000, 0x0000000800000000)
  region size 4096K, 17 young (69632K), 5 survivors (20480K)
 Metaspace       used 70318K, committed 70848K, reserved 1114112K
  class space    used 9041K, committed 9280K, reserved 1048576K
}
Event: 10.339 GC heap after
{Heap after GC invocations=27 (full 0):
 garbage-first heap   total 315392K, used 202455K [0x0000000604000000, 0x0000000800000000)
  region size 4096K, 3 young (12288K), 3 survivors (12288K)
 Metaspace       used 70318K, committed 70848K, reserved 1114112K
  class space    used 9041K, committed 9280K, reserved 1048576K
}
Event: 10.434 GC heap before
{Heap before GC invocations=27 (full 0):
 garbage-first heap   total 315392K, used 235223K [0x0000000604000000, 0x0000000800000000)
  region size 4096K, 11 young (45056K), 3 survivors (12288K)
 Metaspace       used 70318K, committed 70848K, reserved 1114112K
  class space    used 9041K, committed 9280K, reserved 1048576K
}
Event: 10.442 GC heap after
{Heap after GC invocations=28 (full 0):
 garbage-first heap   total 626688K, used 217088K [0x0000000604000000, 0x0000000800000000)
  region size 4096K, 2 young (8192K), 2 survivors (8192K)
 Metaspace       used 70318K, committed 70848K, reserved 1114112K
  class space    used 9041K, committed 9280K, reserved 1048576K
}
Event: 10.949 GC heap before
{Heap before GC invocations=29 (full 0):
 garbage-first heap   total 626688K, used 376832K [0x0000000604000000, 0x0000000800000000)
  region size 4096K, 41 young (167936K), 2 survivors (8192K)
 Metaspace       used 70318K, committed 70848K, reserved 1114112K
  class space    used 9041K, committed 9280K, reserved 1048576K
}
Event: 10.972 GC heap after
{Heap after GC invocations=30 (full 0):
 garbage-first heap   total 626688K, used 258445K [0x0000000604000000, 0x0000000800000000)
  region size 4096K, 6 young (24576K), 6 survivors (24576K)
 Metaspace       used 70318K, committed 70848K, reserved 1114112K
  class space    used 9041K, committed 9280K, reserved 1048576K
}
Event: 11.424 GC heap before
{Heap before GC invocations=30 (full 0):
 garbage-first heap   total 626688K, used 401805K [0x0000000604000000, 0x0000000800000000)
  region size 4096K, 41 young (167936K), 6 survivors (24576K)
 Metaspace       used 70965K, committed 71488K, reserved 1114112K
  class space    used 9140K, committed 9408K, reserved 1048576K
}
Event: 11.442 GC heap after
{Heap after GC invocations=31 (full 0):
 garbage-first heap   total 626688K, used 273429K [0x0000000604000000, 0x0000000800000000)
  region size 4096K, 4 young (16384K), 4 survivors (16384K)
 Metaspace       used 70965K, committed 71488K, reserved 1114112K
  class space    used 9140K, committed 9408K, reserved 1048576K
}
Event: 11.859 GC heap before
{Heap before GC invocations=31 (full 0):
 garbage-first heap   total 626688K, used 424981K [0x0000000604000000, 0x0000000800000000)
  region size 4096K, 41 young (167936K), 4 survivors (16384K)
 Metaspace       used 70965K, committed 71488K, reserved 1114112K
  class space    used 9140K, committed 9408K, reserved 1048576K
}
Event: 11.869 GC heap after
{Heap after GC invocations=32 (full 0):
 garbage-first heap   total 626688K, used 283615K [0x0000000604000000, 0x0000000800000000)
  region size 4096K, 6 young (24576K), 6 survivors (24576K)
 Metaspace       used 70965K, committed 71488K, reserved 1114112K
  class space    used 9140K, committed 9408K, reserved 1048576K
}
Event: 12.297 GC heap before
{Heap before GC invocations=32 (full 0):
 garbage-first heap   total 626688K, used 443359K [0x0000000604000000, 0x0000000800000000)
  region size 4096K, 45 young (184320K), 6 survivors (24576K)
 Metaspace       used 70965K, committed 71488K, reserved 1114112K
  class space    used 9140K, committed 9408K, reserved 1048576K
}
Event: 12.311 GC heap after
{Heap after GC invocations=33 (full 0):
 garbage-first heap   total 626688K, used 293225K [0x0000000604000000, 0x0000000800000000)
  region size 4096K, 5 young (20480K), 5 survivors (20480K)
 Metaspace       used 70965K, committed 71488K, reserved 1114112K
  class space    used 9140K, committed 9408K, reserved 1048576K
}
Event: 12.775 GC heap before
{Heap before GC invocations=33 (full 0):
 garbage-first heap   total 626688K, used 461161K [0x0000000604000000, 0x0000000800000000)
  region size 4096K, 46 young (188416K), 5 survivors (20480K)
 Metaspace       used 70969K, committed 71488K, reserved 1114112K
  class space    used 9141K, committed 9408K, reserved 1048576K
}
Event: 12.788 GC heap after
{Heap after GC invocations=34 (full 0):
 garbage-first heap   total 823296K, used 304080K [0x0000000604000000, 0x0000000800000000)
  region size 4096K, 6 young (24576K), 6 survivors (24576K)
 Metaspace       used 70969K, committed 71488K, reserved 1114112K
  class space    used 9141K, committed 9408K, reserved 1048576K
}
Event: 1113.080 GC heap before
{Heap before GC invocations=34 (full 0):
 garbage-first heap   total 823296K, used 611280K [0x0000000604000000, 0x0000000800000000)
  region size 4096K, 75 young (307200K), 6 survivors (24576K)
 Metaspace       used 78431K, committed 79040K, reserved 1122304K
  class space    used 9810K, committed 10112K, reserved 1048576K
}

